Connecting to database specified by database.yml
Connecting to database specified by database.yml
Compiled jquery.js  (1ms)  (pid 2452)
Compiled jquery-ui.js  (2ms)  (pid 2452)
Compiled jquery_ujs.js  (0ms)  (pid 2452)
Compiled active_admin/lib/namespace.js  (65ms)  (pid 2452)
Compiled active_admin/components/jquery.aa.checkbox-toggler.js  (45ms)  (pid 2452)
Compiled active_admin/components/jquery.aa.dropdown-menu.js  (47ms)  (pid 2452)
Compiled active_admin/components/jquery.aa.popover.js  (45ms)  (pid 2452)
Compiled active_admin/components/jquery.aa.table-checkbox-toggler.js  (14ms)  (pid 2452)
Compiled active_admin/pages/application.js  (5ms)  (pid 2452)
Compiled active_admin/pages/batch_actions.js  (15ms)  (pid 2452)
Compiled active_admin/application.js  (315ms)  (pid 2452)
Compiled active_admin/base.js  (386ms)  (pid 2452)
Compiled active_admin.js  (391ms)  (pid 2452)
Compiled twitter/bootstrap/bootstrap-transition.js  (0ms)  (pid 2452)
Compiled twitter/bootstrap/bootstrap-alert.js  (0ms)  (pid 2452)
Compiled twitter/bootstrap/bootstrap-modal.js  (0ms)  (pid 2452)
Compiled twitter/bootstrap/bootstrap-dropdown.js  (0ms)  (pid 2452)
Compiled twitter/bootstrap/bootstrap-scrollspy.js  (0ms)  (pid 2452)
Compiled twitter/bootstrap/bootstrap-tab.js  (0ms)  (pid 2452)
Compiled twitter/bootstrap/bootstrap-tooltip.js  (0ms)  (pid 2452)
Compiled twitter/bootstrap/bootstrap-popover.js  (0ms)  (pid 2452)
Compiled twitter/bootstrap/bootstrap-button.js  (0ms)  (pid 2452)
Compiled twitter/bootstrap/bootstrap-collapse.js  (0ms)  (pid 2452)
Compiled twitter/bootstrap/bootstrap-carousel.js  (0ms)  (pid 2452)
Compiled twitter/bootstrap/bootstrap-typeahead.js  (0ms)  (pid 2452)
Compiled twitter/bootstrap/bootstrap-affix.js  (0ms)  (pid 2452)
Compiled twitter/bootstrap.js  (112ms)  (pid 2452)
Compiled bootstrap.js  (2ms)  (pid 2452)
Compiled children.js  (0ms)  (pid 2452)
Compiled form.js  (0ms)  (pid 2452)
Compiled meals.js  (0ms)  (pid 2452)
Compiled payments.js  (0ms)  (pid 2452)
Compiled programs.js  (0ms)  (pid 2452)
Compiled registrations.js  (0ms)  (pid 2452)
Compiled sessions.js  (0ms)  (pid 2452)
Compiled static_pages.js  (0ms)  (pid 2452)
Compiled travels.js  (0ms)  (pid 2452)
Compiled users.js  (0ms)  (pid 2452)
Compiled jquery_nested_form.js  (0ms)  (pid 2452)
Compiled application.js  (222ms)  (pid 2452)
Compiled active_admin.css  (1907ms)  (pid 2452)
Compiled twitter-bootstrap-static/bootstrap.css  (37ms)  (pid 2452)
Compiled twitter-bootstrap-static/fontawesome.css  (36ms)  (pid 2452)
Compiled bootstrap_and_overrides.css  (133ms)  (pid 2452)
Compiled children.css  (1ms)  (pid 2452)
Compiled meals.css  (0ms)  (pid 2452)
Compiled payments.css  (0ms)  (pid 2452)
Compiled programs.css  (0ms)  (pid 2452)
Compiled registrations.css  (1ms)  (pid 2452)
Compiled scaffolds.css  (9ms)  (pid 2452)
Compiled sessions.css  (1ms)  (pid 2452)
Compiled static_pages.css  (0ms)  (pid 2452)
Compiled travels.css  (0ms)  (pid 2452)
Compiled users.css  (0ms)  (pid 2452)
Compiled application.css  (241ms)  (pid 2452)
Compiled active_admin/print.css  (101ms)  (pid 2452)
Connecting to database specified by database.yml
Compiled jquery.js  (2ms)  (pid 2452)
Compiled jquery-ui.js  (3ms)  (pid 2452)
Compiled jquery_ujs.js  (0ms)  (pid 2452)
Compiled active_admin/lib/namespace.js  (69ms)  (pid 2452)
Compiled active_admin/components/jquery.aa.checkbox-toggler.js  (49ms)  (pid 2452)
Compiled active_admin/components/jquery.aa.dropdown-menu.js  (50ms)  (pid 2452)
Compiled active_admin/components/jquery.aa.popover.js  (46ms)  (pid 2452)
Compiled active_admin/components/jquery.aa.table-checkbox-toggler.js  (15ms)  (pid 2452)
Compiled active_admin/pages/application.js  (5ms)  (pid 2452)
Compiled active_admin/pages/batch_actions.js  (18ms)  (pid 2452)
Compiled active_admin/application.js  (332ms)  (pid 2452)
Compiled active_admin/base.js  (405ms)  (pid 2452)
Compiled active_admin.js  (410ms)  (pid 2452)
Compiled twitter/bootstrap/bootstrap-transition.js  (0ms)  (pid 2452)
Compiled twitter/bootstrap/bootstrap-alert.js  (0ms)  (pid 2452)
Compiled twitter/bootstrap/bootstrap-modal.js  (0ms)  (pid 2452)
Compiled twitter/bootstrap/bootstrap-dropdown.js  (0ms)  (pid 2452)
Compiled twitter/bootstrap/bootstrap-scrollspy.js  (0ms)  (pid 2452)
Compiled twitter/bootstrap/bootstrap-tab.js  (0ms)  (pid 2452)
Compiled twitter/bootstrap/bootstrap-tooltip.js  (0ms)  (pid 2452)
Compiled twitter/bootstrap/bootstrap-popover.js  (0ms)  (pid 2452)
Compiled twitter/bootstrap/bootstrap-button.js  (0ms)  (pid 2452)
Compiled twitter/bootstrap/bootstrap-collapse.js  (0ms)  (pid 2452)
Compiled twitter/bootstrap/bootstrap-carousel.js  (0ms)  (pid 2452)
Compiled twitter/bootstrap/bootstrap-typeahead.js  (0ms)  (pid 2452)
Compiled twitter/bootstrap/bootstrap-affix.js  (0ms)  (pid 2452)
Compiled twitter/bootstrap.js  (107ms)  (pid 2452)
Compiled bootstrap.js  (2ms)  (pid 2452)
Compiled children.js  (1ms)  (pid 2452)
Compiled form.js  (0ms)  (pid 2452)
Compiled meals.js  (0ms)  (pid 2452)
Compiled payments.js  (0ms)  (pid 2452)
Compiled programs.js  (1ms)  (pid 2452)
Compiled registrations.js  (0ms)  (pid 2452)
Compiled sessions.js  (0ms)  (pid 2452)
Compiled static_pages.js  (0ms)  (pid 2452)
Compiled travels.js  (0ms)  (pid 2452)
Compiled users.js  (0ms)  (pid 2452)
Compiled jquery_nested_form.js  (0ms)  (pid 2452)
Compiled application.js  (221ms)  (pid 2452)
Compiled active_admin.css  (1708ms)  (pid 2452)
Compiled twitter-bootstrap-static/bootstrap.css  (53ms)  (pid 2452)
Compiled twitter-bootstrap-static/fontawesome.css  (17ms)  (pid 2452)
Compiled bootstrap_and_overrides.css  (129ms)  (pid 2452)
Compiled children.css  (1ms)  (pid 2452)
Compiled meals.css  (0ms)  (pid 2452)
Compiled payments.css  (0ms)  (pid 2452)
Compiled programs.css  (0ms)  (pid 2452)
Compiled registrations.css  (0ms)  (pid 2452)
Compiled scaffolds.css  (9ms)  (pid 2452)
Compiled sessions.css  (0ms)  (pid 2452)
Compiled static_pages.css  (0ms)  (pid 2452)
Compiled travels.css  (0ms)  (pid 2452)
Compiled users.css  (1ms)  (pid 2452)
Compiled application.css  (234ms)  (pid 2452)
Compiled active_admin/print.css  (69ms)  (pid 2452)
